0 info it worked if it ends with ok
1 verbose cli [ '/usr/local/Cellar/node/7.5.0/bin/node',
1 verbose cli   '/usr/local/bin/npm',
1 verbose cli   'publish' ]
2 info using npm@4.1.2
3 info using node@v7.5.0
4 verbose publish [ '.' ]
5 silly cache add args [ '.', null ]
6 verbose cache add spec .
7 silly cache add parsed spec Result {
7 silly cache add   raw: '.',
7 silly cache add   scope: null,
7 silly cache add   escapedName: null,
7 silly cache add   name: null,
7 silly cache add   rawSpec: '.',
7 silly cache add   spec: '/Users/toubou91/git/markdown-contributors',
7 silly cache add   type: 'directory' }
8 verbose addLocalDirectory /Users/toubou91/.npm/markdown-contributors/0.0.1-beta/package.tgz not in flight; packing
9 verbose correctMkdir /Users/toubou91/.npm correctMkdir not in flight; initializing
10 info lifecycle markdown-contributors@0.0.1-beta~prepublish: markdown-contributors@0.0.1-beta
11 silly lifecycle markdown-contributors@0.0.1-beta~prepublish: no script for prepublish, continuing
12 info lifecycle markdown-contributors@0.0.1-beta~prepare: markdown-contributors@0.0.1-beta
13 silly lifecycle markdown-contributors@0.0.1-beta~prepare: no script for prepare, continuing
14 verbose tar pack [ '/Users/toubou91/.npm/markdown-contributors/0.0.1-beta/package.tgz',
14 verbose tar pack   '/Users/toubou91/git/markdown-contributors' ]
15 verbose tarball /Users/toubou91/.npm/markdown-contributors/0.0.1-beta/package.tgz
16 verbose folder /Users/toubou91/git/markdown-contributors
17 verbose addLocalTarball adding from inside cache /Users/toubou91/.npm/markdown-contributors/0.0.1-beta/package.tgz
18 verbose correctMkdir /Users/toubou91/.npm correctMkdir not in flight; initializing
19 silly cache afterAdd markdown-contributors@0.0.1-beta
20 verbose afterAdd /Users/toubou91/.npm/markdown-contributors/0.0.1-beta/package/package.json not in flight; writing
21 verbose correctMkdir /Users/toubou91/.npm correctMkdir not in flight; initializing
22 verbose afterAdd /Users/toubou91/.npm/markdown-contributors/0.0.1-beta/package/package.json written
23 silly publish { name: 'markdown-contributors',
23 silly publish   version: '0.0.1-beta',
23 silly publish   description: 'A react component that renders a scroll-to-top button',
23 silly publish   main: 'index.js',
23 silly publish   scripts:
23 silly publish    { start: 'http-server & npm run watch',
23 silly publish      watch: 'watchify -t babelify index.js -o dist/app.js',
23 silly publish      build: 'browserify -t babelify index.js -o dist/app.js' },
23 silly publish   repository:
23 silly publish    { type: 'git',
23 silly publish      url: 'https://github.com/toubou91/markdown-contributors/.git' },
23 silly publish   keywords:
23 silly publish    [ 'contributors',
23 silly publish      'github',
23 silly publish      'readme.md',
23 silly publish      'contributors-markdown',
23 silly publish      'react' ],
23 silly publish   author: { name: 'Thodoris Bais' },
23 silly publish   license: 'MIT',
23 silly publish   bugs: { url: 'https://github.com/toubou91/markdown-contributors/issues' },
23 silly publish   homepage: 'https://github.com/toubou91/markdown-contributors/',
23 silly publish   devDependencies:
23 silly publish    { 'babel-core': '^6.21.0',
23 silly publish      'babel-eslint': '^7.1.1',
23 silly publish      'babel-loader': '^6.2.10',
23 silly publish      'babel-plugin-react-transform': '^2.0.2',
23 silly publish      'babel-plugin-transform-runtime': '^6.15.0',
23 silly publish      'babel-preset-es2015': '^6.18.0',
23 silly publish      'babel-preset-react': '^6.16.0',
23 silly publish      'babel-preset-stage-0': '^6.24.1',
23 silly publish      'babel-preset-stage-2': '^6.24.1',
23 silly publish      babelify: '^7.3.0',
23 silly publish      browserify: '14.4.0',
23 silly publish      'http-server': '0.10.0',
23 silly publish      jquery: '^3.2.1',
23 silly publish      'prop-types': '^15.5.10',
23 silly publish      radium: '^0.19.1',
23 silly publish      'react-copy-to-clipboard': '^5.0.0',
23 silly publish      'react-hot-loader': '^1.3.1',
23 silly publish      reactify: '^1.1.1',
23 silly publish      watchify: '^3.2.3' },
23 silly publish   dependencies:
23 silly publish    { 'babel-runtime': '^6.20.0',
23 silly publish      react: '^15.4.1',
23 silly publish      'react-dom': '^15.4.1' },
23 silly publish   readme: '# markdown-contributors\n> Generate a sharp contributors markdown list, ready to be pasted in your project\'s README.md\n\n> This is a beta version.\n\nYou can follow me on [Twitter](https://twitter.com/ThodorisBais).\n\n[YouTube Demo](https://youtu.be/d8TG7oy8yZs) | [Demo Website](https://toubou91.github.io/markdown-contributors/)\n\n### Demo\n[![https://gyazo.com/4fc3f2e3bffde5aa6389a9814bccc09d](https://i.gyazo.com/4fc3f2e3bffde5aa6389a9814bccc09d.gif)](https://gyazo.com/4fc3f2e3bffde5aa6389a9814bccc09d)\n\n\n### Contributions\nThe project is still on beta version, so, there is a lot of space for improvement. I would be happy to review any PR.\n',
23 silly publish   readmeFilename: 'README.md',
23 silly publish   gitHead: 'a219a4bde1b86d84fd4f36c9071cc30faebeda5d',
23 silly publish   _id: 'markdown-contributors@0.0.1-beta',
23 silly publish   _shasum: '288a73f777bb616786a2044d1177eba1b93e3432',
23 silly publish   _from: '.' }
24 info lifecycle markdown-contributors@0.0.1-beta~prepublishOnly: markdown-contributors@0.0.1-beta
25 silly lifecycle markdown-contributors@0.0.1-beta~prepublishOnly: no script for prepublishOnly, continuing
26 verbose getPublishConfig undefined
27 silly mapToRegistry name markdown-contributors
28 silly mapToRegistry using default registry
29 silly mapToRegistry registry https://registry.npmjs.org/
30 silly mapToRegistry data Result {
30 silly mapToRegistry   raw: 'markdown-contributors',
30 silly mapToRegistry   scope: null,
30 silly mapToRegistry   escapedName: 'markdown-contributors',
30 silly mapToRegistry   name: 'markdown-contributors',
30 silly mapToRegistry   rawSpec: '',
30 silly mapToRegistry   spec: 'latest',
30 silly mapToRegistry   type: 'tag' }
31 silly mapToRegistry uri https://registry.npmjs.org/markdown-contributors
32 verbose publish registryBase https://registry.npmjs.org/
33 silly publish uploading /Users/toubou91/.npm/markdown-contributors/0.0.1-beta/package.tgz
34 verbose request uri https://registry.npmjs.org/markdown-contributors
35 verbose request sending authorization for write operation
36 info attempt registry request try #1 at 23:36:25
37 verbose request using bearer token for auth
38 verbose request id df20e411c7f65b9b
39 http request PUT https://registry.npmjs.org/markdown-contributors
40 http 403 https://registry.npmjs.org/markdown-contributors
41 verbose headers { 'content-type': 'application/json',
41 verbose headers   'cache-control': 'max-age=300',
41 verbose headers   'content-length': '96',
41 verbose headers   'accept-ranges': 'bytes',
41 verbose headers   date: 'Mon, 11 Sep 2017 21:36:26 GMT',
41 verbose headers   via: '1.1 varnish',
41 verbose headers   connection: 'keep-alive',
41 verbose headers   'x-served-by': 'cache-ams4439-AMS',
41 verbose headers   'x-cache': 'MISS',
41 verbose headers   'x-cache-hits': '0',
41 verbose headers   'x-timer': 'S1505165785.489864,VS0,VE1312',
41 verbose headers   vary: 'Accept-Encoding, Accept' }
42 verbose request invalidating /Users/toubou91/.npm/registry.npmjs.org/markdown-contributors on PUT
43 error publish Failed PUT 403
44 verbose stack Error: You cannot publish over the previously published version 0.0.1-beta. : markdown-contributors
44 verbose stack     at makeError (/usr/local/lib/node_modules/npm/node_modules/npm-registry-client/lib/request.js:304:12)
44 verbose stack     at CachingRegistryClient.<anonymous> (/usr/local/lib/node_modules/npm/node_modules/npm-registry-client/lib/request.js:292:14)
44 verbose stack     at Request._callback (/usr/local/lib/node_modules/npm/node_modules/npm-registry-client/lib/request.js:212:14)
44 verbose stack     at Request.self.callback (/usr/local/lib/node_modules/npm/node_modules/request/request.js:186:22)
44 verbose stack     at emitTwo (events.js:106:13)
44 verbose stack     at Request.emit (events.js:192:7)
44 verbose stack     at Request.<anonymous> (/usr/local/lib/node_modules/npm/node_modules/request/request.js:1081:10)
44 verbose stack     at emitOne (events.js:96:13)
44 verbose stack     at Request.emit (events.js:189:7)
44 verbose stack     at IncomingMessage.<anonymous> (/usr/local/lib/node_modules/npm/node_modules/request/request.js:1001:12)
45 verbose statusCode 403
46 verbose pkgid markdown-contributors
47 verbose cwd /Users/toubou91/git/markdown-contributors
48 error Darwin 15.6.0
49 error argv "/usr/local/Cellar/node/7.5.0/bin/node" "/usr/local/bin/npm" "publish"
50 error node v7.5.0
51 error npm  v4.1.2
52 error code E403
53 error You cannot publish over the previously published version 0.0.1-beta. : markdown-contributors
54 error If you need help, you may report this error at:
54 error     <https://github.com/npm/npm/issues>
55 verbose exit [ 1, true ]
